0 info it worked if it ends with ok
1 verbose cli [ 'node', '/usr/local/bin/npm', 'install', '-g', 'firebase-tools' ]
2 info using npm@1.3.11
3 info using node@v0.10.21
4 verbose cache add [ 'firebase-tools', null ]
5 verbose cache add name=undefined spec="firebase-tools" args=["firebase-tools",null]
6 verbose parsed url { protocol: null,
6 verbose parsed url   slashes: null,
6 verbose parsed url   auth: null,
6 verbose parsed url   host: null,
6 verbose parsed url   port: null,
6 verbose parsed url   hostname: null,
6 verbose parsed url   hash: null,
6 verbose parsed url   search: null,
6 verbose parsed url   query: null,
6 verbose parsed url   pathname: 'firebase-tools',
6 verbose parsed url   path: 'firebase-tools',
6 verbose parsed url   href: 'firebase-tools' }
7 silly lockFile 3fa4b23e-firebase-tools firebase-tools
8 verbose lock firebase-tools /Users/heybob/.npm/3fa4b23e-firebase-tools.lock
9 silly lockFile 3fa4b23e-firebase-tools firebase-tools
10 silly lockFile 3fa4b23e-firebase-tools firebase-tools
11 verbose addNamed [ 'firebase-tools', '' ]
12 verbose addNamed [ null, '*' ]
13 silly lockFile 59c4bcc4-firebase-tools firebase-tools@
14 verbose lock firebase-tools@ /Users/heybob/.npm/59c4bcc4-firebase-tools.lock
15 silly addNameRange { name: 'firebase-tools', range: '*', hasData: false }
16 verbose url raw firebase-tools
17 verbose url resolving [ 'https://registry.npmjs.org/', './firebase-tools' ]
18 verbose url resolved https://registry.npmjs.org/firebase-tools
19 info trying registry request attempt 1 at 23:44:17
20 http GET https://registry.npmjs.org/firebase-tools
21 http 200 https://registry.npmjs.org/firebase-tools
22 silly registry.get cb [ 200,
22 silly registry.get   { server: 'CouchDB/1.5.0 (Erlang OTP/R16B03)',
22 silly registry.get     etag: '"CFMSJVHF32VAT3K1LLTQAKR02"',
22 silly registry.get     'content-type': 'application/json',
22 silly registry.get     'cache-control': 'max-age=300',
22 silly registry.get     'content-length': '80234',
22 silly registry.get     'accept-ranges': 'bytes',
22 silly registry.get     date: 'Thu, 01 Sep 2016 06:44:17 GMT',
22 silly registry.get     via: '1.1 varnish',
22 silly registry.get     age: '0',
22 silly registry.get     connection: 'keep-alive',
22 silly registry.get     'x-served-by': 'cache-sea1921-SEA',
22 silly registry.get     'x-cache': 'MISS',
22 silly registry.get     'x-cache-hits': '0',
22 silly registry.get     'x-timer': 'S1472712257.860910,VS0,VE121',
22 silly registry.get     vary: 'Accept-Encoding' } ]
23 silly addNameRange number 2 { name: 'firebase-tools', range: '*', hasData: true }
24 silly addNameRange versions [ 'firebase-tools',
24 silly addNameRange   [ '0.0.1',
24 silly addNameRange     '0.0.2',
24 silly addNameRange     '0.0.3',
24 silly addNameRange     '0.0.4',
24 silly addNameRange     '0.0.5',
24 silly addNameRange     '0.0.6',
24 silly addNameRange     '0.1.0',
24 silly addNameRange     '0.1.1',
24 silly addNameRange     '0.1.2',
24 silly addNameRange     '0.1.3',
24 silly addNameRange     '0.1.4',
24 silly addNameRange     '0.1.5',
24 silly addNameRange     '0.1.6',
24 silly addNameRange     '0.2.0',
24 silly addNameRange     '0.3.0',
24 silly addNameRange     '0.4.0',
24 silly addNameRange     '0.5.0',
24 silly addNameRange     '1.0.0',
24 silly addNameRange     '1.0.1',
24 silly addNameRange     '1.0.2',
24 silly addNameRange     '1.0.3',
24 silly addNameRange     '1.0.4',
24 silly addNameRange     '1.0.5',
24 silly addNameRange     '1.0.6',
24 silly addNameRange     '1.1.0',
24 silly addNameRange     '1.1.1',
24 silly addNameRange     '1.1.2',
24 silly addNameRange     '1.1.3',
24 silly addNameRange     '1.1.4',
24 silly addNameRange     '1.1.5',
24 silly addNameRange     '1.1.6',
24 silly addNameRange     '1.2.0',
24 silly addNameRange     '2.0.0',
24 silly addNameRange     '2.0.1',
24 silly addNameRange     '2.0.2',
24 silly addNameRange     '2.1.0',
24 silly addNameRange     '2.1.1',
24 silly addNameRange     '2.2.0',
24 silly addNameRange     '2.2.1',
24 silly addNameRange     '3.0.0',
24 silly addNameRange     '3.0.1',
24 silly addNameRange     '3.0.2',
24 silly addNameRange     '3.0.3',
24 silly addNameRange     '3.0.4',
24 silly addNameRange     '3.0.5',
24 silly addNameRange     '3.0.6',
24 silly addNameRange     '3.0.7' ] ]
25 verbose addNamed [ 'firebase-tools', '3.0.7' ]
26 verbose addNamed [ '3.0.7', '3.0.7' ]
27 silly lockFile d90953d3-firebase-tools-3-0-7 firebase-tools@3.0.7
28 verbose lock firebase-tools@3.0.7 /Users/heybob/.npm/d90953d3-firebase-tools-3-0-7.lock
29 silly lockFile d2e4f6da-e-tools-firebase-tools-3-0-7-tgz https://registry.npmjs.org/firebase-tools/-/firebase-tools-3.0.7.tgz
30 verbose lock https://registry.npmjs.org/firebase-tools/-/firebase-tools-3.0.7.tgz /Users/heybob/.npm/d2e4f6da-e-tools-firebase-tools-3-0-7-tgz.lock
31 verbose addRemoteTarball [ 'https://registry.npmjs.org/firebase-tools/-/firebase-tools-3.0.7.tgz',
31 verbose addRemoteTarball   'd94e541904b820b3976ec1ab52e5ec09d5820a7b' ]
32 info retry fetch attempt 1 at 23:44:18
33 verbose fetch to= /var/folders/cc/jpr20qlj0311089pfltbyvm40000gn/T/npm-64683-Ri8S0aVb/1472712258196-0.7466585147194564/tmp.tgz
34 http GET https://registry.npmjs.org/firebase-tools/-/firebase-tools-3.0.7.tgz
35 http 200 https://registry.npmjs.org/firebase-tools/-/firebase-tools-3.0.7.tgz
36 verbose tar unpack /var/folders/cc/jpr20qlj0311089pfltbyvm40000gn/T/npm-64683-Ri8S0aVb/1472712258196-0.7466585147194564/tmp.tgz
37 silly lockFile f9f1f02d-58196-0-7466585147194564-package tar:///var/folders/cc/jpr20qlj0311089pfltbyvm40000gn/T/npm-64683-Ri8S0aVb/1472712258196-0.7466585147194564/package
38 verbose lock tar:///var/folders/cc/jpr20qlj0311089pfltbyvm40000gn/T/npm-64683-Ri8S0aVb/1472712258196-0.7466585147194564/package /Users/heybob/.npm/f9f1f02d-58196-0-7466585147194564-package.lock
39 silly lockFile e9550dad-58196-0-7466585147194564-tmp-tgz tar:///var/folders/cc/jpr20qlj0311089pfltbyvm40000gn/T/npm-64683-Ri8S0aVb/1472712258196-0.7466585147194564/tmp.tgz
40 verbose lock tar:///var/folders/cc/jpr20qlj0311089pfltbyvm40000gn/T/npm-64683-Ri8S0aVb/1472712258196-0.7466585147194564/tmp.tgz /Users/heybob/.npm/e9550dad-58196-0-7466585147194564-tmp-tgz.lock
41 silly gunzTarPerm modes [ '755', '644' ]
42 silly gunzTarPerm extractEntry package.json
43 silly gunzTarPerm modified mode [ 'package.json', 436, 420 ]
44 silly gunzTarPerm extractEntry README.md
45 silly gunzTarPerm modified mode [ 'README.md', 436, 420 ]
46 silly gunzTarPerm extractEntry LICENSE
47 silly gunzTarPerm modified mode [ 'LICENSE', 436, 420 ]
48 silly gunzTarPerm extractEntry index.js
49 silly gunzTarPerm modified mode [ 'index.js', 436, 420 ]
50 silly gunzTarPerm extractEntry commands/database-get.js
51 silly gunzTarPerm modified mode [ 'commands/database-get.js', 436, 420 ]
52 silly gunzTarPerm extractEntry commands/functions-log.js
53 silly gunzTarPerm modified mode [ 'commands/functions-log.js', 436, 420 ]
54 silly gunzTarPerm extractEntry commands/help.js
55 silly gunzTarPerm modified mode [ 'commands/help.js', 436, 420 ]
56 silly gunzTarPerm extractEntry commands/hosting-disable.js
57 silly gunzTarPerm modified mode [ 'commands/hosting-disable.js', 436, 420 ]
58 silly gunzTarPerm extractEntry commands/deploy.js
59 silly gunzTarPerm modified mode [ 'commands/deploy.js', 436, 420 ]
60 silly gunzTarPerm extractEntry commands/init.js
61 silly gunzTarPerm modified mode [ 'commands/init.js', 436, 420 ]
62 silly gunzTarPerm extractEntry commands/list.js
63 silly gunzTarPerm modified mode [ 'commands/list.js', 436, 420 ]
64 silly gunzTarPerm extractEntry commands/login-ci.js
65 silly gunzTarPerm modified mode [ 'commands/login-ci.js', 436, 420 ]
66 silly gunzTarPerm extractEntry commands/login.js
67 silly gunzTarPerm modified mode [ 'commands/login.js', 436, 420 ]
68 silly gunzTarPerm extractEntry commands/logout.js
69 silly gunzTarPerm modified mode [ 'commands/logout.js', 436, 420 ]
70 silly gunzTarPerm extractEntry commands/database-update.js
71 silly gunzTarPerm modified mode [ 'commands/database-update.js', 436, 420 ]
72 silly gunzTarPerm extractEntry commands/open.js
73 silly gunzTarPerm modified mode [ 'commands/open.js', 436, 420 ]
74 silly gunzTarPerm extractEntry commands/database-set.js
75 silly gunzTarPerm modified mode [ 'commands/database-set.js', 436, 420 ]
76 silly gunzTarPerm extractEntry commands/serve.js
77 silly gunzTarPerm modified mode [ 'commands/serve.js', 436, 420 ]
78 silly gunzTarPerm extractEntry commands/database-remove.js
79 silly gunzTarPerm modified mode [ 'commands/database-remove.js', 436, 420 ]
80 silly gunzTarPerm extractEntry commands/tools-migrate.js
81 silly gunzTarPerm modified mode [ 'commands/tools-migrate.js', 436, 420 ]
82 silly gunzTarPerm extractEntry commands/database-push.js
83 silly gunzTarPerm modified mode [ 'commands/database-push.js', 436, 420 ]
84 silly gunzTarPerm extractEntry commands/use.js
85 silly gunzTarPerm modified mode [ 'commands/use.js', 436, 420 ]
86 silly gunzTarPerm extractEntry commands/index.js
87 silly gunzTarPerm modified mode [ 'commands/index.js', 436, 420 ]
88 silly gunzTarPerm extractEntry changelog.txt
89 silly gunzTarPerm modified mode [ 'changelog.txt', 436, 420 ]
90 silly gunzTarPerm extractEntry lib/acquireRefs.js
91 silly gunzTarPerm modified mode [ 'lib/acquireRefs.js', 436, 420 ]
92 silly gunzTarPerm extractEntry lib/getInstanceId.js
93 silly gunzTarPerm modified mode [ 'lib/getInstanceId.js', 436, 420 ]
94 silly gunzTarPerm extractEntry lib/getProjectId.js
95 silly gunzTarPerm modified mode [ 'lib/getProjectId.js', 436, 420 ]
96 silly gunzTarPerm extractEntry lib/handlePreviewToggles.js
97 silly gunzTarPerm modified mode [ 'lib/handlePreviewToggles.js', 436, 420 ]
98 silly gunzTarPerm extractEntry lib/utils.js
99 silly gunzTarPerm modified mode [ 'lib/utils.js', 436, 420 ]
100 silly gunzTarPerm extractEntry lib/triggerParser.js
101 silly gunzTarPerm modified mode [ 'lib/triggerParser.js', 436, 420 ]
102 silly gunzTarPerm extractEntry lib/api.js
103 silly gunzTarPerm modified mode [ 'lib/api.js', 436, 420 ]
104 silly gunzTarPerm extractEntry lib/loadRCFile.js
105 silly gunzTarPerm modified mode [ 'lib/loadRCFile.js', 436, 420 ]
106 silly gunzTarPerm extractEntry lib/logError.js
107 silly gunzTarPerm modified mode [ 'lib/logError.js', 436, 420 ]
108 silly gunzTarPerm extractEntry lib/logger.js
109 silly gunzTarPerm modified mode [ 'lib/logger.js', 436, 420 ]
110 silly gunzTarPerm extractEntry lib/fsutils.js
111 silly gunzTarPerm modified mode [ 'lib/fsutils.js', 436, 420 ]
112 silly gunzTarPerm extractEntry lib/parseBoltRules.js
113 silly gunzTarPerm modified mode [ 'lib/parseBoltRules.js', 436, 420 ]
114 silly gunzTarPerm extractEntry lib/fetchMOTD.js
115 silly gunzTarPerm modified mode [ 'lib/fetchMOTD.js', 436, 420 ]
116 silly gunzTarPerm extractEntry lib/prepareFunctionsUpload.js
117 silly gunzTarPerm modified mode [ 'lib/prepareFunctionsUpload.js', 436, 420 ]
118 silly gunzTarPerm extractEntry lib/extractTriggers.js
119 silly gunzTarPerm modified mode [ 'lib/extractTriggers.js', 436, 420 ]
120 silly gunzTarPerm extractEntry lib/prepareUpload.js
121 silly gunzTarPerm modified mode [ 'lib/prepareUpload.js', 436, 420 ]
122 silly gunzTarPerm extractEntry lib/errorOut.js
123 silly gunzTarPerm modified mode [ 'lib/errorOut.js', 436, 420 ]
124 silly gunzTarPerm extractEntry lib/previews.js
125 silly gunzTarPerm modified mode [ 'lib/previews.js', 436, 420 ]
126 silly gunzTarPerm extractEntry lib/error.js
127 silly gunzTarPerm modified mode [ 'lib/error.js', 436, 420 ]
128 silly gunzTarPerm extractEntry lib/prompt.js
129 silly gunzTarPerm modified mode [ 'lib/prompt.js', 436, 420 ]
130 silly gunzTarPerm extractEntry lib/detectProjectRoot.js
131 silly gunzTarPerm modified mode [ 'lib/detectProjectRoot.js', 436, 420 ]
132 silly gunzTarPerm extractEntry lib/requireAccess.js
133 silly gunzTarPerm modified mode [ 'lib/requireAccess.js', 436, 420 ]
134 silly gunzTarPerm extractEntry lib/validateJsonRules.js
135 silly gunzTarPerm modified mode [ 'lib/validateJsonRules.js', 436, 420 ]
136 silly gunzTarPerm extractEntry lib/requireAuth.js
137 silly gunzTarPerm modified mode [ 'lib/requireAuth.js', 436, 420 ]
138 silly gunzTarPerm extractEntry lib/configstore.js
139 silly gunzTarPerm modified mode [ 'lib/configstore.js', 436, 420 ]
140 silly gunzTarPerm extractEntry lib/requireConfig.js
141 silly gunzTarPerm modified mode [ 'lib/requireConfig.js', 436, 420 ]
142 silly gunzTarPerm extractEntry lib/config.js
143 silly gunzTarPerm modified mode [ 'lib/config.js', 436, 420 ]
144 silly gunzTarPerm extractEntry lib/resolveProjectPath.js
145 silly gunzTarPerm modified mode [ 'lib/resolveProjectPath.js', 436, 420 ]
146 silly gunzTarPerm extractEntry lib/command.js
147 silly gunzTarPerm modified mode [ 'lib/command.js', 436, 420 ]
148 silly gunzTarPerm extractEntry lib/responseToError.js
149 silly gunzTarPerm modified mode [ 'lib/responseToError.js', 436, 420 ]
150 silly gunzTarPerm extractEntry lib/checkDupHostingKeys.js
151 silly gunzTarPerm modified mode [ 'lib/checkDupHostingKeys.js', 436, 420 ]
152 silly gunzTarPerm extractEntry lib/scopes.js
153 silly gunzTarPerm modified mode [ 'lib/scopes.js', 436, 420 ]
154 silly gunzTarPerm extractEntry lib/auth.js
155 silly gunzTarPerm modified mode [ 'lib/auth.js', 436, 420 ]
156 silly gunzTarPerm extractEntry lib/track.js
157 silly gunzTarPerm modified mode [ 'lib/track.js', 436, 420 ]
158 silly gunzTarPerm extractEntry lib/identifierToProjectId.js
159 silly gunzTarPerm modified mode [ 'lib/identifierToProjectId.js', 436, 420 ]
160 silly gunzTarPerm extractEntry lib/validator.js
161 silly gunzTarPerm modified mode [ 'lib/validator.js', 436, 420 ]
162 silly gunzTarPerm extractEntry lib/loadCJSON.js
163 silly gunzTarPerm modified mode [ 'lib/loadCJSON.js', 436, 420 ]
164 silly gunzTarPerm extractEntry lib/init/index.js
165 silly gunzTarPerm modified mode [ 'lib/init/index.js', 436, 420 ]
166 silly gunzTarPerm extractEntry lib/init/features/database.js
167 silly gunzTarPerm modified mode [ 'lib/init/features/database.js', 436, 420 ]
168 silly gunzTarPerm extractEntry lib/init/features/functions.js
169 silly gunzTarPerm modified mode [ 'lib/init/features/functions.js', 436, 420 ]
170 silly gunzTarPerm extractEntry lib/init/features/hosting.js
171 silly gunzTarPerm modified mode [ 'lib/init/features/hosting.js', 436, 420 ]
172 silly gunzTarPerm extractEntry lib/init/features/index.js
173 silly gunzTarPerm modified mode [ 'lib/init/features/index.js', 436, 420 ]
174 silly gunzTarPerm extractEntry lib/init/features/project.js
175 silly gunzTarPerm modified mode [ 'lib/init/features/project.js', 436, 420 ]
176 silly gunzTarPerm extractEntry lib/init/features/storage.js
177 silly gunzTarPerm modified mode [ 'lib/init/features/storage.js', 436, 420 ]
178 silly gunzTarPerm extractEntry lib/gcp/cloudfunctions.js
179 silly gunzTarPerm modified mode [ 'lib/gcp/cloudfunctions.js', 436, 420 ]
180 silly gunzTarPerm extractEntry lib/gcp/cloudlogging.js
181 silly gunzTarPerm modified mode [ 'lib/gcp/cloudlogging.js', 436, 420 ]
182 silly gunzTarPerm extractEntry lib/gcp/index.js
183 silly gunzTarPerm modified mode [ 'lib/gcp/index.js', 436, 420 ]
184 silly gunzTarPerm extractEntry lib/gcp/pubsub.js
185 silly gunzTarPerm modified mode [ 'lib/gcp/pubsub.js', 436, 420 ]
186 silly gunzTarPerm extractEntry lib/gcp/storage.js
187 silly gunzTarPerm modified mode [ 'lib/gcp/storage.js', 436, 420 ]
188 silly gunzTarPerm extractEntry lib/deploy/index.js
189 silly gunzTarPerm modified mode [ 'lib/deploy/index.js', 436, 420 ]
190 silly gunzTarPerm extractEntry lib/deploy/database/index.js
191 silly gunzTarPerm modified mode [ 'lib/deploy/database/index.js', 436, 420 ]
192 silly gunzTarPerm extractEntry lib/deploy/database/prepare.js
193 silly gunzTarPerm modified mode [ 'lib/deploy/database/prepare.js', 436, 420 ]
194 silly gunzTarPerm extractEntry lib/deploy/functions/deploy.js
195 silly gunzTarPerm modified mode [ 'lib/deploy/functions/deploy.js', 436, 420 ]
196 silly gunzTarPerm extractEntry lib/deploy/functions/ensureBillingEnabled.js
197 silly gunzTarPerm modified mode [ 'lib/deploy/functions/ensureBillingEnabled.js', 436, 420 ]
198 silly gunzTarPerm extractEntry lib/deploy/functions/ensureFunctionsEnabled.js
199 silly gunzTarPerm modified mode [ 'lib/deploy/functions/ensureFunctionsEnabled.js', 436, 420 ]
200 silly gunzTarPerm extractEntry lib/deploy/functions/index.js
201 silly gunzTarPerm modified mode [ 'lib/deploy/functions/index.js', 436, 420 ]
202 silly gunzTarPerm extractEntry lib/deploy/functions/prepare.js
203 silly gunzTarPerm modified mode [ 'lib/deploy/functions/prepare.js', 436, 420 ]
204 silly gunzTarPerm extractEntry lib/deploy/functions/release.js
205 silly gunzTarPerm modified mode [ 'lib/deploy/functions/release.js', 436, 420 ]
206 silly gunzTarPerm extractEntry lib/deploy/hosting/deploy.js
207 silly gunzTarPerm modified mode [ 'lib/deploy/hosting/deploy.js', 436, 420 ]
208 silly gunzTarPerm extractEntry lib/deploy/hosting/index.js
209 silly gunzTarPerm modified mode [ 'lib/deploy/hosting/index.js', 436, 420 ]
210 silly gunzTarPerm extractEntry lib/deploy/hosting/prepare.js
211 silly gunzTarPerm modified mode [ 'lib/deploy/hosting/prepare.js', 436, 420 ]
212 silly gunzTarPerm extractEntry lib/deploy/storage/index.js
213 silly gunzTarPerm modified mode [ 'lib/deploy/storage/index.js', 436, 420 ]
214 silly gunzTarPerm extractEntry lib/deploy/storage/prepare.js
215 silly gunzTarPerm modified mode [ 'lib/deploy/storage/prepare.js', 436, 420 ]
216 silly gunzTarPerm extractEntry templates/banner.txt
217 silly gunzTarPerm modified mode [ 'templates/banner.txt', 436, 420 ]
218 silly gunzTarPerm extractEntry templates/firebase.json
219 silly gunzTarPerm modified mode [ 'templates/firebase.json', 436, 420 ]
220 silly gunzTarPerm extractEntry templates/init/functions/index.js
221 silly gunzTarPerm modified mode [ 'templates/init/functions/index.js', 436, 420 ]
222 silly gunzTarPerm extractEntry templates/init/hosting/404.html
223 silly gunzTarPerm modified mode [ 'templates/init/hosting/404.html', 436, 420 ]
224 silly gunzTarPerm extractEntry templates/init/hosting/index.html
225 silly gunzTarPerm modified mode [ 'templates/init/hosting/index.html', 436, 420 ]
226 silly gunzTarPerm extractEntry templates/init/storage/storage.rules
227 silly gunzTarPerm modified mode [ 'templates/init/storage/storage.rules', 436, 420 ]
228 silly gunzTarPerm extractEntry templates/loginFailure.html
229 silly gunzTarPerm modified mode [ 'templates/loginFailure.html', 436, 420 ]
230 silly gunzTarPerm extractEntry templates/loginSuccess.html
231 silly gunzTarPerm modified mode [ 'templates/loginSuccess.html', 436, 420 ]
232 silly gunzTarPerm extractEntry bin/firebase
233 silly gunzTarPerm modified mode [ 'bin/firebase', 509, 493 ]
234 silly lockFile f9f1f02d-58196-0-7466585147194564-package tar:///var/folders/cc/jpr20qlj0311089pfltbyvm40000gn/T/npm-64683-Ri8S0aVb/1472712258196-0.7466585147194564/package
235 silly lockFile f9f1f02d-58196-0-7466585147194564-package tar:///var/folders/cc/jpr20qlj0311089pfltbyvm40000gn/T/npm-64683-Ri8S0aVb/1472712258196-0.7466585147194564/package
236 silly lockFile e9550dad-58196-0-7466585147194564-tmp-tgz tar:///var/folders/cc/jpr20qlj0311089pfltbyvm40000gn/T/npm-64683-Ri8S0aVb/1472712258196-0.7466585147194564/tmp.tgz
237 silly lockFile e9550dad-58196-0-7466585147194564-tmp-tgz tar:///var/folders/cc/jpr20qlj0311089pfltbyvm40000gn/T/npm-64683-Ri8S0aVb/1472712258196-0.7466585147194564/tmp.tgz
238 verbose tar pack [ '/Users/heybob/.npm/firebase-tools/3.0.7/package.tgz',
238 verbose tar pack   '/var/folders/cc/jpr20qlj0311089pfltbyvm40000gn/T/npm-64683-Ri8S0aVb/1472712258196-0.7466585147194564/package' ]
239 verbose tarball /Users/heybob/.npm/firebase-tools/3.0.7/package.tgz
240 verbose folder /var/folders/cc/jpr20qlj0311089pfltbyvm40000gn/T/npm-64683-Ri8S0aVb/1472712258196-0.7466585147194564/package
241 silly lockFile f9f1f02d-58196-0-7466585147194564-package tar:///var/folders/cc/jpr20qlj0311089pfltbyvm40000gn/T/npm-64683-Ri8S0aVb/1472712258196-0.7466585147194564/package
242 verbose lock tar:///var/folders/cc/jpr20qlj0311089pfltbyvm40000gn/T/npm-64683-Ri8S0aVb/1472712258196-0.7466585147194564/package /Users/heybob/.npm/f9f1f02d-58196-0-7466585147194564-package.lock
243 silly lockFile 602b5865-firebase-tools-3-0-7-package-tgz tar:///Users/heybob/.npm/firebase-tools/3.0.7/package.tgz
244 verbose lock tar:///Users/heybob/.npm/firebase-tools/3.0.7/package.tgz /Users/heybob/.npm/602b5865-firebase-tools-3-0-7-package-tgz.lock
245 silly lockFile f9f1f02d-58196-0-7466585147194564-package tar:///var/folders/cc/jpr20qlj0311089pfltbyvm40000gn/T/npm-64683-Ri8S0aVb/1472712258196-0.7466585147194564/package
246 silly lockFile f9f1f02d-58196-0-7466585147194564-package tar:///var/folders/cc/jpr20qlj0311089pfltbyvm40000gn/T/npm-64683-Ri8S0aVb/1472712258196-0.7466585147194564/package
247 silly lockFile 602b5865-firebase-tools-3-0-7-package-tgz tar:///Users/heybob/.npm/firebase-tools/3.0.7/package.tgz
248 silly lockFile 602b5865-firebase-tools-3-0-7-package-tgz tar:///Users/heybob/.npm/firebase-tools/3.0.7/package.tgz
249 silly lockFile 21e5ba8e-npm-firebase-tools-3-0-7-package /Users/heybob/.npm/firebase-tools/3.0.7/package
250 verbose lock /Users/heybob/.npm/firebase-tools/3.0.7/package /Users/heybob/.npm/21e5ba8e-npm-firebase-tools-3-0-7-package.lock
251 silly lockFile 21e5ba8e-npm-firebase-tools-3-0-7-package /Users/heybob/.npm/firebase-tools/3.0.7/package
252 silly lockFile 21e5ba8e-npm-firebase-tools-3-0-7-package /Users/heybob/.npm/firebase-tools/3.0.7/package
253 verbose tar unpack /Users/heybob/.npm/firebase-tools/3.0.7/package.tgz
254 silly lockFile c6d56dcb-npm-firebase-tools-3-0-7-package tar:///Users/heybob/.npm/firebase-tools/3.0.7/package
255 verbose lock tar:///Users/heybob/.npm/firebase-tools/3.0.7/package /Users/heybob/.npm/c6d56dcb-npm-firebase-tools-3-0-7-package.lock
256 silly lockFile 602b5865-firebase-tools-3-0-7-package-tgz tar:///Users/heybob/.npm/firebase-tools/3.0.7/package.tgz
257 verbose lock tar:///Users/heybob/.npm/firebase-tools/3.0.7/package.tgz /Users/heybob/.npm/602b5865-firebase-tools-3-0-7-package-tgz.lock
258 silly gunzTarPerm modes [ '755', '644' ]
259 silly gunzTarPerm extractEntry package.json
260 silly gunzTarPerm extractEntry README.md
261 silly gunzTarPerm extractEntry index.js
262 silly gunzTarPerm extractEntry bin/firebase
263 silly gunzTarPerm extractEntry commands/database-get.js
264 silly gunzTarPerm extractEntry commands/functions-log.js
265 silly gunzTarPerm extractEntry commands/help.js
266 silly gunzTarPerm extractEntry commands/hosting-disable.js
267 silly gunzTarPerm extractEntry commands/deploy.js
268 silly gunzTarPerm extractEntry commands/init.js
269 silly gunzTarPerm extractEntry commands/list.js
270 silly gunzTarPerm extractEntry commands/login-ci.js
271 silly gunzTarPerm extractEntry commands/login.js
272 silly gunzTarPerm extractEntry commands/logout.js
273 silly gunzTarPerm extractEntry commands/database-update.js
274 silly gunzTarPerm extractEntry commands/open.js
275 silly gunzTarPerm extractEntry commands/database-set.js
276 silly gunzTarPerm extractEntry commands/serve.js
277 silly gunzTarPerm extractEntry commands/database-remove.js
278 silly gunzTarPerm extractEntry commands/tools-migrate.js
279 silly gunzTarPerm extractEntry commands/database-push.js
280 silly gunzTarPerm extractEntry commands/use.js
281 silly gunzTarPerm extractEntry commands/index.js
282 silly gunzTarPerm extractEntry lib/acquireRefs.js
283 silly gunzTarPerm extractEntry lib/getInstanceId.js
284 silly gunzTarPerm extractEntry lib/getProjectId.js
285 silly gunzTarPerm extractEntry lib/handlePreviewToggles.js
286 silly gunzTarPerm extractEntry lib/utils.js
287 silly gunzTarPerm extractEntry lib/triggerParser.js
288 silly gunzTarPerm extractEntry lib/api.js
289 silly gunzTarPerm extractEntry lib/loadRCFile.js
290 silly gunzTarPerm extractEntry lib/logError.js
291 silly gunzTarPerm extractEntry lib/logger.js
292 silly gunzTarPerm extractEntry lib/fsutils.js
293 silly gunzTarPerm extractEntry lib/parseBoltRules.js
294 silly gunzTarPerm extractEntry lib/fetchMOTD.js
295 silly gunzTarPerm extractEntry lib/prepareFunctionsUpload.js
296 silly gunzTarPerm extractEntry lib/extractTriggers.js
297 silly gunzTarPerm extractEntry lib/prepareUpload.js
298 silly gunzTarPerm extractEntry lib/errorOut.js
299 silly gunzTarPerm extractEntry lib/previews.js
300 silly gunzTarPerm extractEntry lib/error.js
301 silly gunzTarPerm extractEntry lib/prompt.js
302 silly gunzTarPerm extractEntry lib/detectProjectRoot.js
303 silly gunzTarPerm extractEntry lib/requireAccess.js
304 silly gunzTarPerm extractEntry lib/validateJsonRules.js
305 silly gunzTarPerm extractEntry lib/requireAuth.js
306 silly gunzTarPerm extractEntry lib/configstore.js
307 silly gunzTarPerm extractEntry lib/requireConfig.js
308 silly gunzTarPerm extractEntry lib/config.js
309 silly gunzTarPerm extractEntry lib/resolveProjectPath.js
310 silly gunzTarPerm extractEntry lib/command.js
311 silly gunzTarPerm extractEntry lib/responseToError.js
312 silly gunzTarPerm extractEntry lib/checkDupHostingKeys.js
313 silly gunzTarPerm extractEntry lib/scopes.js
314 silly gunzTarPerm extractEntry lib/auth.js
315 silly gunzTarPerm extractEntry lib/track.js
316 silly gunzTarPerm extractEntry lib/identifierToProjectId.js
317 silly gunzTarPerm extractEntry lib/validator.js
318 silly gunzTarPerm extractEntry lib/loadCJSON.js
319 silly gunzTarPerm extractEntry lib/init/index.js
320 silly gunzTarPerm extractEntry lib/init/features/database.js
321 silly gunzTarPerm extractEntry lib/init/features/functions.js
322 silly gunzTarPerm extractEntry lib/init/features/hosting.js
323 silly gunzTarPerm extractEntry lib/init/features/index.js
324 silly gunzTarPerm extractEntry lib/init/features/project.js
325 silly gunzTarPerm extractEntry lib/init/features/storage.js
326 silly gunzTarPerm extractEntry lib/gcp/cloudfunctions.js
327 silly gunzTarPerm extractEntry lib/gcp/cloudlogging.js
328 silly gunzTarPerm extractEntry lib/gcp/index.js
329 silly gunzTarPerm extractEntry lib/gcp/pubsub.js
330 silly gunzTarPerm extractEntry lib/gcp/storage.js
331 silly gunzTarPerm extractEntry lib/deploy/index.js
332 silly gunzTarPerm extractEntry lib/deploy/database/index.js
333 silly gunzTarPerm extractEntry lib/deploy/database/prepare.js
334 silly gunzTarPerm extractEntry lib/deploy/functions/deploy.js
335 silly gunzTarPerm extractEntry lib/deploy/functions/ensureBillingEnabled.js
336 silly gunzTarPerm extractEntry lib/deploy/functions/ensureFunctionsEnabled.js
337 silly gunzTarPerm extractEntry lib/deploy/functions/index.js
338 silly gunzTarPerm extractEntry lib/deploy/functions/prepare.js
339 silly gunzTarPerm extractEntry lib/deploy/functions/release.js
340 silly gunzTarPerm extractEntry lib/deploy/hosting/deploy.js
341 silly gunzTarPerm extractEntry lib/deploy/hosting/index.js
342 silly gunzTarPerm extractEntry lib/deploy/hosting/prepare.js
343 silly gunzTarPerm extractEntry lib/deploy/storage/index.js
344 silly gunzTarPerm extractEntry lib/deploy/storage/prepare.js
345 silly gunzTarPerm extractEntry templates/banner.txt
346 silly gunzTarPerm extractEntry templates/firebase.json
347 silly gunzTarPerm extractEntry templates/init/functions/index.js
348 silly gunzTarPerm extractEntry templates/init/hosting/404.html
349 silly gunzTarPerm extractEntry templates/init/hosting/index.html
350 silly gunzTarPerm extractEntry templates/init/storage/storage.rules
351 silly gunzTarPerm extractEntry templates/loginFailure.html
352 silly gunzTarPerm extractEntry templates/loginSuccess.html
353 silly lockFile c6d56dcb-npm-firebase-tools-3-0-7-package tar:///Users/heybob/.npm/firebase-tools/3.0.7/package
354 silly lockFile c6d56dcb-npm-firebase-tools-3-0-7-package tar:///Users/heybob/.npm/firebase-tools/3.0.7/package
355 silly lockFile 602b5865-firebase-tools-3-0-7-package-tgz tar:///Users/heybob/.npm/firebase-tools/3.0.7/package.tgz
356 silly lockFile 602b5865-firebase-tools-3-0-7-package-tgz tar:///Users/heybob/.npm/firebase-tools/3.0.7/package.tgz
357 verbose chmod /Users/heybob/.npm/firebase-tools/3.0.7/package.tgz 644
358 verbose chown /Users/heybob/.npm/firebase-tools/3.0.7/package.tgz [ 501, 20 ]
359 silly lockFile d2e4f6da-e-tools-firebase-tools-3-0-7-tgz https://registry.npmjs.org/firebase-tools/-/firebase-tools-3.0.7.tgz
360 silly lockFile d2e4f6da-e-tools-firebase-tools-3-0-7-tgz https://registry.npmjs.org/firebase-tools/-/firebase-tools-3.0.7.tgz
361 silly lockFile d90953d3-firebase-tools-3-0-7 firebase-tools@3.0.7
362 silly lockFile d90953d3-firebase-tools-3-0-7 firebase-tools@3.0.7
363 silly lockFile 59c4bcc4-firebase-tools firebase-tools@
364 silly lockFile 59c4bcc4-firebase-tools firebase-tools@
365 silly resolved [ { name: 'firebase-tools',
365 silly resolved     version: '3.0.7',
365 silly resolved     description: 'Command-Line Interface for Firebase',
365 silly resolved     main: 'index.js',
365 silly resolved     bin: { firebase: './bin/firebase' },
365 silly resolved     scripts: { test: './node_modules/.bin/gulp' },
365 silly resolved     repository:
365 silly resolved      { type: 'git',
365 silly resolved        url: 'https://github.com/firebase/firebase-tools.git' },
365 silly resolved     keywords:
365 silly resolved      [ 'cdn',
365 silly resolved        'cli',
365 silly resolved        'ssl',
365 silly resolved        'cloud',
365 silly resolved        'hosting',
365 silly resolved        'firebase',
365 silly resolved        'realtime',
365 silly resolved        'websockets',
365 silly resolved        'synchronization' ],
365 silly resolved     preferGlobal: true,
365 silly resolved     engines: { node: '>=0.10.0' },
365 silly resolved     'engine-strict': true,
365 silly resolved     author: { name: 'Firebase', url: 'https://firebase.google.com/' },
365 silly resolved     license: 'MIT',
365 silly resolved     bugs: { url: 'https://github.com/firebase/firebase-tools/issues' },
365 silly resolved     files: [ 'bin/**', 'lib/**', 'commands/**', 'templates/**', 'index.js' ],
365 silly resolved     homepage: 'https://github.com/firebase/firebase-tools',
365 silly resolved     dependencies:
365 silly resolved      { archiver: '^0.16.0',
365 silly resolved        chalk: '^1.1.0',
365 silly resolved        cjson: '^0.3.1',
365 silly resolved        'cli-table': '^0.3.1',
365 silly resolved        commander: '^2.8.1',
365 silly resolved        'concat-stream': '^1.5.0',
365 silly resolved        configstore: '^1.2.0',
365 silly resolved        didyoumean: '^1.2.1',
365 silly resolved        'exit-code': '^1.0.2',
365 silly resolved        filesize: '^3.1.3',
365 silly resolved        firebase: '2.x.x',
365 silly resolved        'fs-extra': '^0.23.1',
365 silly resolved        'fstream-ignore': '^1.0.2',
365 silly resolved        googleapis: '^2.1.7',
365 silly resolved        inquirer: '^0.12.0',
365 silly resolved        jsonschema: '^1.0.2',
365 silly resolved        jsonwebtoken: '^5.4.0',
365 silly resolved        lodash: '^4.6.1',
365 silly resolved        'node-uuid': '^1.4.3',
365 silly resolved        open: '^0.0.5',
365 silly resolved        portfinder: '^0.4.0',
365 silly resolved        progress: '^1.1.8',
365 silly resolved        request: '^2.58.0',
365 silly resolved        rsvp: '^3.0.18',
365 silly resolved        semver: '^5.0.3',
365 silly resolved        shelljs: '^0.5.3',
365 silly resolved        superstatic: '^4.0',
365 silly resolved        tar: '^2.2.0',
365 silly resolved        through: '^2.3.8',
365 silly resolved        tmp: '0.0.27',
365 silly resolved        'universal-analytics': '^0.3.9',
365 silly resolved        'update-notifier': '^0.5.0',
365 silly resolved        'user-home': '^2.0.0',
365 silly resolved        uuid: '^2.0.1',
365 silly resolved        winston: '^1.0.1' },
365 silly resolved     devDependencies:
365 silly resolved      { chai: '^3.0.0',
365 silly resolved        'chai-as-promised': '^5.1.0',
365 silly resolved        coveralls: '2.11.2',
365 silly resolved        eslint: '^1.4.1',
365 silly resolved        gulp: '^3.9.0',
365 silly resolved        'gulp-eslint': '^1.0.0',
365 silly resolved        'gulp-exit': '0.0.2',
365 silly resolved        'gulp-istanbul': '^0.10.0',
365 silly resolved        'gulp-mocha': '^2.1.2',
365 silly resolved        'jshint-stylish': '^2.0.1',
365 silly resolved        nock: '^2.10.0',
365 silly resolved        sinon: '^1.17.4',
365 silly resolved        'sinon-as-promised': '^4.0.0',
365 silly resolved        'sinon-chai': '^2.8.0' },
365 silly resolved     readme: '# Firebase CLI [![Build Status](https://travis-ci.org/firebase/firebase-tools.svg?branch=master)](https://travis-ci.org/firebase/firebase-tools) [![Coverage Status](https://img.shields.io/coveralls/firebase/firebase-tools.svg?branch=master&style=flat)](https://coveralls.io/r/firebase/firebase-tools) [![NPM version](https://badge.fury.io/js/firebase-tools.svg)](http://badge.fury.io/js/firebase-tools)\n\nThese are the Firebase Command Line Interface (CLI) Tools. They can be used to:\n\n* Deploy code and assets to your Firebase projects\n* Run a local web server for your Firebase Hosting site\n* Interact with data in your Firebase database\n\nTo get started with the Firebase CLI, read the full list of commands below or check out the [hosting-specific CLI documentation](https://firebase.google.com/docs/hosting/quickstart).\n\n\n## Installation\n\nTo install the Firebase CLI, you first need to [sign up for a Firebase account](https://firebase.google.com/).\n\nThen you need to install [Node.js](http://nodejs.org/) and [npm](https://npmjs.org/). Note that\ninstalling Node.js should install npm as well.\n\nOnce npm is installed, get the Firebase CLI by running the following command:\n\n```bash\nnpm install -g firebase-tools\n```\n\nThis will provide you with the globally accessible `firebase` command.\n\n\n## Commands\n\n**The command `firebase --help` lists the available commands and `firebase <command> --help` shows more details for an individual command.**\n\nIf a command is project-specific, you must either be inside a project directory with an\nactive project alias or specify the Firebase project id with the `-P <project_id>` flag.\n\nBelow is a brief list of the available commands and their function:\n\n### Administrative Commands\n\nCommand | Description\n------- | -----------\n**login** | Authenticate to your Firebase account. Requires access to a web browser.\n**logout** | Sign out of the Firebase CLI.\n**login:ci** | Generate an authentication token for use in non-interactive environments.\n**list** | Print a list of all of your Firebase projects.\n**use** | Set active Firebase project, manage project aliases.\n**open** | Quickly open a browser to relevant project resources.\n**init** | Setup a new Firebase project in the current directory. This command will create a `firebase.json` configuration file in your current directory.\n**help** | Display help information about the CLI or specific commands.\n\n### Deployment and Local Development\n\nThese commands let you deploy and interact with your Firebase Hosting site.\n\nCommand | Description\n------- | -----------\n**deploy** | Deploys your Firebase project. Relies on `firebase.json` configuration and your local project folder.\n**serve** | Start a local web server with your Firebase Hosting configuration. Relies on `firebase.json`.\n\n### Database Commands\n\nCommand | Description\n------- | -----------\n**database:get** | Fetch data from the current project\'s database and display it as JSON. Supports querying on indexed data.\n**database:set** | Replace all data at a specified location in the current project\'s database. Takes input from file, STDIN, or command-line argument.\n**database:update** | Perform a partial update at a specified location in the current project\'s database. Takes input from file, STDIN, or command-line argument.\n**database:push** | Push new data to a list at a specified location in the current project\'s database. Takes input from file, STDIN, or command-line argument.\n**database:remove** | Delete all data at a specified location in the current project\'s database.\n\n### Hosting Commands\n\nCommand | Description\n------- | -----------\n**hosting:disable** | Stop serving Firebase Hosting traffic for the active project. A "Site Not Found" message will be displayed at your project\'s Hosting URL after running this command.\n\n## Using with CI Systems\n\nThe Firebase CLI requires a browser to complete authentication, but is fully\ncompatible with CI and other headless environments.\n\n1. On a machine with a browser, install the Firebase CLI.\n2. Run `firebase login:ci` to log in and print out a new access token\n   (the current CLI session will not be affected).\n3. Store the output token in a secure but accessible way in your CI system.\n\nThere are two ways to use this token when running Firebase commands:\n\n1. Store the token as the environment variable `FIREBASE_TOKEN` and it will\n   automatically be utilized.\n2. Run all commands with the `--token <token>` flag in your CI system.\n\nThe order of precedence for token loading is flag, environment variable, active project.\n\nOn any machine with the Firebase CLI, running `firebase logout --token <token>`\nwill immediately revoke access for the specified token.\n\n## Using as a Module\n\nThe Firebase CLI can also be used programmatically as a standard Node module. Each command is exposed as a function that takes an options object and returns a Promise. For example:\n\n```js\nvar client = require(\'firebase-tools\');\nclient.list().then(function(data) {\n  console.log(data);\n}).catch(function(err) {\n  // handle error\n});\n\nclient.deploy({\n  project: \'myfirebase\',\n  token: process.env.FIREBASE_TOKEN,\n  cwd: \'/path/to/project/folder\'\n}).then(function() {\n  console.log(\'Rules have been deployed!\')\n}).catch(function(err) {\n  // handle error\n});\n```\n',
365 silly resolved     readmeFilename: 'README.md',
365 silly resolved     _id: 'firebase-tools@3.0.7',
365 silly resolved     dist: { shasum: 'edc897a0007c594657f87a4b37d150d0ecfd19ae' },
365 silly resolved     _from: 'firebase-tools@',
365 silly resolved     _resolved: 'https://registry.npmjs.org/firebase-tools/-/firebase-tools-3.0.7.tgz' } ]
366 info install firebase-tools@3.0.7 into /usr/local/lib
367 info installOne firebase-tools@3.0.7
368 info /usr/local/lib/node_modules/firebase-tools unbuild
369 verbose tar unpack /Users/heybob/.npm/firebase-tools/3.0.7/package.tgz
370 silly lockFile 7e3d5d18--lib-node-modules-firebase-tools tar:///usr/local/lib/node_modules/firebase-tools
371 verbose lock tar:///usr/local/lib/node_modules/firebase-tools /Users/heybob/.npm/7e3d5d18--lib-node-modules-firebase-tools.lock
372 silly lockFile 602b5865-firebase-tools-3-0-7-package-tgz tar:///Users/heybob/.npm/firebase-tools/3.0.7/package.tgz
373 verbose lock tar:///Users/heybob/.npm/firebase-tools/3.0.7/package.tgz /Users/heybob/.npm/602b5865-firebase-tools-3-0-7-package-tgz.lock
374 silly gunzTarPerm modes [ '755', '644' ]
375 error Error: EACCES, mkdir '/usr/local/lib/node_modules/firebase-tools'
375 error  { [Error: EACCES, mkdir '/usr/local/lib/node_modules/firebase-tools']
375 error   errno: 3,
375 error   code: 'EACCES',
375 error   path: '/usr/local/lib/node_modules/firebase-tools',
375 error   fstream_type: 'Directory',
375 error   fstream_path: '/usr/local/lib/node_modules/firebase-tools',
375 error   fstream_class: 'DirWriter',
375 error   fstream_stack:
375 error    [ '/usr/local/lib/node_modules/npm/node_modules/fstream/lib/dir-writer.js:36:23',
375 error      '/usr/local/lib/node_modules/npm/node_modules/mkdirp/index.js:37:53',
375 error      'Object.oncomplete (fs.js:107:15)' ] }
376 error Please try running this command again as root/Administrator.
377 error System Darwin 12.6.0
378 error command "node" "/usr/local/bin/npm" "install" "-g" "firebase-tools"
379 error cwd /Users/heybob/Sites/saveFood
380 error node -v v0.10.21
381 error npm -v 1.3.11
382 error path /usr/local/lib/node_modules/firebase-tools
383 error fstream_path /usr/local/lib/node_modules/firebase-tools
384 error fstream_type Directory
385 error fstream_class DirWriter
386 error code EACCES
387 error errno 3
388 error stack Error: EACCES, mkdir '/usr/local/lib/node_modules/firebase-tools'
389 error fstream_stack /usr/local/lib/node_modules/npm/node_modules/fstream/lib/dir-writer.js:36:23
389 error fstream_stack /usr/local/lib/node_modules/npm/node_modules/mkdirp/index.js:37:53
389 error fstream_stack Object.oncomplete (fs.js:107:15)
390 verbose exit [ 3, true ]
